<?xml version="1.0" encoding="UTF-8"?>
<!-- Generated by org.testng.reporters.JUnitReportReporter -->
<testsuite hostname="DESKTOP-GE14JLK" failures="0" tests="1" name="com.epam.myLearning.RegressionTest" time="0.013" errors="0" timestamp="2021-04-27T19:42:39 IST" skipped="0">
  <testcase classname="com.epam.myLearning.RegressionTest" name="regression" time="0.013"/>
  <system-out/>
</testsuite> <!-- com.epam.myLearning.RegressionTest -->
